[18:16:14] [ServerMain/INFO]: [bootstrap] Running Java 21 (OpenJDK 64-Bit Server VM 21.0.7+6-Ubuntu-0ubuntu120.04; Ubuntu null) on Linux 6.8.0-1027-azure (amd64)
[18:16:14] [ServerMain/INFO]: [bootstrap] Loading Paper 1.21.4-231-ver/1.21.4@09e9afd (2025-05-19T17:59:36Z) for Minecraft 1.21.4
[18:16:14] [ServerMain/INFO]: [PluginInitializerManager] Initializing plugins...
[18:16:14] [ServerMain/INFO]: [PluginInitializerManager] Initialized 0 plugins
[18:16:15] [Paper Plugin Remapper Thread - 0/INFO]: [ReobfServer] Remapping server...
[18:16:21] [ServerMain/INFO]: Environment: Environment[sessionHost=https://sessionserver.mojang.com, servicesHost=https://api.minecraftservices.com, name=PROD]
[18:16:21] [ServerMain/INFO]: Found new data pack file/bukkit, loading it automatically
[18:16:21] [ServerMain/INFO]: Found new data pack paper, loading it automatically
[18:16:23] [ServerMain/INFO]: No existing world data, creating new world
[18:16:24] [Paper Plugin Remapper Thread - 0/INFO]: [ReobfServer] Done remapping server in 9150ms.
[18:16:24] [ServerMain/INFO]: Loaded 1370 recipes
[18:16:24] [ServerMain/INFO]: Loaded 1481 advancements
[18:16:24] [ServerMain/INFO]: [MCTypeRegistry] Initialising converters for DataConverter...
[18:16:25] [ServerMain/INFO]: [MCTypeRegistry] Finished initialising converters for DataConverter in 355.3ms
[18:16:25] [Server thread/INFO]: Starting minecraft server version 1.21.4
[18:16:25] [Server thread/INFO]: Loading properties
[18:16:25] [Server thread/INFO]: This server is running Paper version 1.21.4-231-ver/1.21.4@09e9afd (2025-05-19T17:59:36Z) (Implementing API version 1.21.4-R0.1-SNAPSHOT)
[18:16:25] [Server thread/INFO]: [spark] This server bundles the spark profiler. For more information please visit https://docs.papermc.io/paper/profiling
[18:16:25] [Server thread/INFO]: Server Ping Player Sample Count: 12
[18:16:25] [Server thread/INFO]: Using 4 threads for Netty based IO
[18:16:26] [Server thread/INFO]: [MoonriseCommon] Paper is using 1 worker threads, 1 I/O threads
[18:16:26] [Server thread/INFO]: [ChunkTaskScheduler] Chunk system is using population gen parallelism: true
[18:16:26] [Server thread/INFO]: Default game type: SURVIVAL
[18:16:26] [Server thread/INFO]: Generating keypair
[18:16:26] [Server thread/INFO]: Starting Minecraft server on *:25565
[18:16:26] [Server thread/INFO]: Using epoll channel type
[18:16:26] [Server thread/INFO]: Paper: Using libdeflate (Linux x86_64) compression from Velocity.
[18:16:26] [Server thread/INFO]: Paper: Using OpenSSL 1.1.x (Linux x86_64) cipher from Velocity.
[18:16:26] [Server thread/WARN]: **** SERVER IS RUNNING IN OFFLINE/INSECURE MODE!
[18:16:26] [Server thread/WARN]: The server will make no attempt to authenticate usernames. Beware.
[18:16:26] [Server thread/WARN]: While this makes the game possible to play without internet access, it also opens up the ability for hackers to connect with any username they choose.
[18:16:26] [Server thread/WARN]: To change this, set "online-mode" to "true" in the server.properties file.
[18:16:26] [Server thread/INFO]: Preparing level "world"
[18:16:36] [Server thread/INFO]: Preparing start region for dimension minecraft:overworld
[18:16:36] [Server thread/INFO]: Preparing spawn area: 2%
[18:16:36] [Server thread/INFO]: Preparing spawn area: 2%
[18:16:37] [Server thread/INFO]: Preparing spawn area: 2%
[18:16:37] [Server thread/INFO]: Preparing spawn area: 8%
[18:16:38] [Server thread/INFO]: Preparing spawn area: 10%
[18:16:38] [Server thread/INFO]: Preparing spawn area: 18%
[18:16:39] [Server thread/INFO]: Preparing spawn area: 18%
[18:16:39] [Server thread/INFO]: Preparing spawn area: 32%
[18:16:40] [Server thread/INFO]: Preparing spawn area: 46%
[18:16:40] [Server thread/INFO]: Preparing spawn area: 51%
[18:16:41] [Server thread/INFO]: Preparing spawn area: 51%
[18:16:41] [Server thread/INFO]: Preparing spawn area: 51%
[18:16:42] [Server thread/INFO]: Preparing spawn area: 57%
[18:16:42] [Server thread/INFO]: Time elapsed: 6416 ms
[18:16:42] [Server thread/INFO]: Preparing start region for dimension minecraft:the_nether
[18:16:42] [Server thread/INFO]: Preparing spawn area: 2%
[18:16:43] [Server thread/INFO]: Preparing spawn area: 8%
[18:16:43] [Server thread/INFO]: Preparing spawn area: 44%
[18:16:44] [Server thread/INFO]: Preparing spawn area: 51%
[18:16:44] [Server thread/INFO]: Time elapsed: 1620 ms
[18:16:44] [Server thread/INFO]: Preparing start region for dimension minecraft:the_end
[18:16:44] [Server thread/INFO]: Preparing spawn area: 2%
[18:16:44] [Server thread/INFO]: Preparing spawn area: 57%
[18:16:44] [Server thread/INFO]: Time elapsed: 507 ms
[18:16:45] [Server thread/INFO]: [spark] Starting background profiler...
[18:16:45] [Server thread/INFO]: Done preparing level "world" (18.466s)
[18:16:45] [Server thread/INFO]: Running delayed init tasks
[18:16:45] [Server thread/INFO]: Done (31.723s)! For help, type "help"
[18:16:45] [Server thread/INFO]: *************************************************************************************
[18:16:45] [Server thread/INFO]: This is the first time you're starting this server.
[18:16:45] [Server thread/INFO]: It's recommended you read our 'Getting Started' documentation for guidance.
[18:16:45] [Server thread/INFO]: View this and more helpful information here: https://docs.papermc.io/paper/next-steps
[18:16:45] [Server thread/INFO]: *************************************************************************************
